<?xml version="1.0" encoding="UTF-8"?>
<!-- Generated by org.testng.reporters.JUnitXMLReporter -->
<testsuite hostname="DESKTOP-D78M4RB" ignored="0" name="Default test" tests="3" failures="0" timestamp="2020-11-30T00:17:47 IST" time="27.237" errors="0">
  <testcase name="sampleMethod" time="8.415" classname="testCases.TC1"/>
  <testcase name="sampleMethod2" time="8.437" classname="testCases.TC1"/>
  <testcase name="sampleMethod3" time="7.987" classname="testCases.TC1"/>
</testsuite> <!-- Default test -->
